
> legomnia-frontend@1.0.0 dev
> next dev

  â–˛ Next.js 14.2.35
  - Local:        http://localhost:3002

 âś“ Starting...
 âś“ Ready in 2.5s
 â—‹ Compiling /blog ...
 âś“ Compiled /blog in 13.6s (701 modules)
 GET /blog 200 in 14158ms
 âś“ Compiled in 830ms (319 modules)
 GET /blog 200 in 146ms
 âś“ Compiled in 1110ms (701 modules)
 âś“ Compiled in 253ms (319 modules)
 âś“ Compiled in 867ms (701 modules)
 âš  Fast Refresh had to perform a full reload due to a runtime error.
 â¨Ż src\app\blog\page.tsx (136:12) @ error
 â¨Ż ReferenceError: error is not defined
    at BlogPage (./src/app/blog/page.tsx:250:25)
digest: "1584299583"
[0m [90m 134 |[39m           )}[0m
[0m [90m 135 |[39m[0m
[0m[31m[1m>[22m[39m[90m 136 |[39m           {error [33m&&[39m ([0m
[0m [90m     |[39m            [31m[1m^[22m[39m[0m
[0m [90m 137 |[39m             [33m<[39m[33mdiv[39m className[33m=[39m[32m"p-6 bg-red-900/20 border border-red-500/50 rounded-lg text-red-200 text-center"[39m[33m>[39m[0m
[0m [90m 138 |[39m               {error}[0m
[0m [90m 139 |[39m             [33m<[39m[33m/[39m[33mdiv[39m[33m>[39m[0m
 GET /blog 500 in 258ms
 âś“ Compiled in 855ms (701 modules)
 âš  Fast Refresh had to perform a full reload due to a runtime error.
 GET /blog 200 in 111ms
 âś“ Compiled in 633ms (319 modules)
 âś“ Compiled in 239ms (319 modules)
 âś“ Compiled in 10.3s (687 modules)
 âś“ Compiled in 4.6s (701 modules)
 âś“ Compiled in 383ms (319 modules)
 âś“ Compiled in 332ms (319 modules)
 âś“ Compiled in 389ms (319 modules)
 âś“ Compiled in 564ms (687 modules)
 âś“ Compiled in 620ms (319 modules)
 âś“ Compiled in 454ms (319 modules)
 âś“ Compiled in 964ms (687 modules)
 âś“ Compiled in 823ms (687 modules)
 âś“ Compiled in 400ms (319 modules)
 âś“ Compiled in 778ms (687 modules)
 âś“ Compiled in 778ms (687 modules)
 âś“ Compiled in 5.4s (704 modules)
 âś“ Compiled in 738ms (704 modules)
 âś“ Compiled in 474ms (320 modules)
 âś“ Compiled in 484ms (320 modules)
 âś“ Compiled in 413ms (320 modules)
 âś“ Compiled in 429ms (320 modules)
 âś“ Compiled in 1014ms (320 modules)
 âś“ Compiled in 1234ms (704 modules)
 âś“ Compiled in 294ms (320 modules)
 âś“ Compiled in 371ms (320 modules)
 âś“ Compiled in 297ms (320 modules)
 âś“ Compiled in 626ms (704 modules)
 âś“ Compiled in 1450ms (707 modules)
 âś“ Compiled in 583ms (321 modules)
 âś“ Compiled in 505ms (321 modules)
 âś“ Compiled in 898ms (693 modules)
 âś“ Compiled in 481ms (321 modules)
 âś“ Compiled in 939ms (693 modules)
 âś“ Compiled in 960ms (693 modules)
<w> [webpack.cache.PackFileCacheStrategy] Caching failed for pack: Error: ENOENT: no such file or directory, rename 'C:\Users\berta\OneDrive\Bureau\LegOmnia - Organisation\Technique\Website\frontend\.next\cache\webpack\server-development\1.pack.gz_' -> 'C:\Users\berta\OneDrive\Bureau\LegOmnia - Organisation\Technique\Website\frontend\.next\cache\webpack\server-development\1.pack.gz'
<w> [webpack.cache.PackFileCacheStrategy] Caching failed for pack: Error: ENOENT: no such file or directory, rename 'C:\Users\berta\OneDrive\Bureau\LegOmnia - Organisation\Technique\Website\frontend\.next\cache\webpack\client-development\2.pack.gz_' -> 'C:\Users\berta\OneDrive\Bureau\LegOmnia - Organisation\Technique\Website\frontend\.next\cache\webpack\client-development\2.pack.gz'
 âś“ Compiled in 3.2s (693 modules)
 âś“ Compiled in 2.2s (707 modules)
